<?xml version="1.0" encoding="utf-8"?><testsuites name="pytest tests"><testsuite name="pytest" errors="0" failures="0" skipped="0" tests="20" time="1.147" timestamp="2026-07-12T17:20:55.096759+00:00" hostname="agent-env-8a9e45f2-fdd2-49f2-af40-c9404c6ff33a"><testcase classname="backend.tests.test_lumina_backend.TestHealth" name="test_root_status" time="0.149" /><testcase classname="backend.tests.test_lumina_backend.TestAuth" name="test_session_invalid_token_returns_401" time="0.127" /><testcase classname="backend.tests.test_lumina_backend.TestAuth" name="test_session_missing_field_returns_422" time="0.043" /><testcase classname="backend.tests.test_lumina_backend.TestAuth" name="test_me_without_bearer_returns_401" time="0.044" /><testcase classname="backend.tests.test_lumina_backend.TestAuth" name="test_me_with_bad_bearer_returns_401" time="0.043" /><testcase classname="backend.tests.test_lumina_backend.TestAuth" name="test_me_with_wrong_scheme_returns_401" time="0.041" /><testcase classname="backend.tests.test_lumina_backend.TestBackupAuth" name="test_get_backup_without_auth_returns_401" time="0.043" /><testcase classname="backend.tests.test_lumina_backend.TestBackupAuth" name="test_post_backup_without_auth_returns_401" time="0.044" /><testcase classname="backend.tests.test_lumina_backend.TestBackupAuth" name="test_delete_backup_without_auth_returns_401" time="0.045" /><testcase classname="backend.tests.test_lumina_backend.TestBackupAuth" name="test_get_backup_bad_bearer_returns_401" time="0.048" /><testcase classname="backend.tests.test_lumina_backend.TestMongoIndexes" name="test_users_email_unique" time="0.005" /><testcase classname="backend.tests.test_lumina_backend.TestMongoIndexes" name="test_users_user_id_unique" time="0.001" /><testcase classname="backend.tests.test_lumina_backend.TestMongoIndexes" name="test_sessions_token_unique" time="0.000" /><testcase classname="backend.tests.test_lumina_backend.TestMongoIndexes" name="test_sessions_expires_at_ttl" time="0.000" /><testcase classname="backend.tests.test_lumina_backend.TestMongoIndexes" name="test_vault_backups_user_id_unique" time="0.000" /><testcase classname="backend.tests.test_lumina_backend.TestBackupCRUDWithSeededSession" name="test_me_with_valid_session" time="0.050" /><testcase classname="backend.tests.test_lumina_backend.TestBackupCRUDWithSeededSession" name="test_get_backup_empty_returns_null" time="0.048" /><testcase classname="backend.tests.test_lumina_backend.TestBackupCRUDWithSeededSession" name="test_put_get_backup_roundtrip" time="0.092" /><testcase classname="backend.tests.test_lumina_backend.TestBackupCRUDWithSeededSession" name="test_delete_backup" time="0.092" /><testcase classname="backend.tests.test_lumina_backend.TestBackupCRUDWithSeededSession" name="test_logout_deletes_session" time="0.092" /></testsuite></testsuites>